<?xml version="1.0" encoding="UTF-8"?>
<testng-results ignored="0" total="1" passed="1" failed="0" skipped="0">
  <reporter-output>
  </reporter-output>
  <suite started-at="2022-11-27T17:48:14 GMT-08:00" name="Default suite" finished-at="2022-11-27T17:48:23 GMT-08:00" duration-ms="9336">
    <groups>
    </groups>
    <test started-at="2022-11-27T17:48:14 GMT-08:00" name="Default test" finished-at="2022-11-27T17:48:23 GMT-08:00" duration-ms="9336">
      <class name="CreateBody3Differntways.CreateUserUsingHashMapTest">
        <test-method signature="CreateUser()[pri:0, instance:CreateBody3Differntways.CreateUserUsingHashMapTest@77eca502]" started-at="2022-11-27T17:48:14 GMT-08:00" name="CreateUser" finished-at="2022-11-27T17:48:23 GMT-08:00" duration-ms="9256" status="PASS">
          <reporter-output>
          </reporter-output>
        </test-method> <!-- CreateUser -->
      </class> <!-- CreateBody3Differntways.CreateUserUsingHashMapTest -->
    </test> <!-- Default test -->
  </suite> <!-- Default suite -->
</testng-results>
